<?xml version="1.0" encoding="UTF-8"?>
<!-- Generated by org.testng.reporters.JUnitReportReporter -->
<testsuite hostname="DESKTOP-0S6STMH" failures="0" tests="1" name="FirstProject.navigationBarTest" time="0.413" errors="0" timestamp="2022-03-29T22:35:21 SGT" skipped="0">
  <testcase classname="FirstProject.navigationBarTest" name="validateNavBar" time="0.413"/>
  <system-out/>
</testsuite> <!-- FirstProject.navigationBarTest -->
