<?xml version="1.0" encoding="UTF-8"?>
<!-- Generated by org.testng.reporters.JUnitReportReporter -->
<testsuite hostname="DESKTOP-0S6STMH" failures="0" tests="1" name="FirstProject.validateRediffFeaturesTest" time="0.190" errors="0" timestamp="2022-03-29T22:35:21 SGT" skipped="0">
  <testcase classname="FirstProject.validateRediffFeaturesTest" name="validateFeatures" time="0.190"/>
  <system-out/>
</testsuite> <!-- FirstProject.validateRediffFeaturesTest -->
