<?xml version="1.0" encoding="UTF-8"?>
<!-- Generated by org.testng.reporters.JUnitReportReporter -->
<testsuite hostname="DESKTOP-0S6STMH" failures="0" tests="3" name="FirstProject.HomePageTest" time="5.006" errors="0" timestamp="2022-03-29T22:35:21 SGT" skipped="0">
  <testcase classname="FirstProject.HomePageTest" name="browserNavigation" time="3.016"/>
  <system-out/>
  <testcase classname="FirstProject.HomePageTest" name="calldata" time="0.911"/>
  <system-out/>
  <testcase classname="FirstProject.HomePageTest" name="calldata" time="1.079"/>
  <system-out/>
</testsuite> <!-- FirstProject.HomePageTest -->
