<?xml version="1.0" encoding="UTF-8"?>
<!-- Generated by org.testng.reporters.JUnitReportReporter -->
<testsuite hostname="DESKTOP-0S6STMH" failures="0" tests="1" name="FirstProject.HomePage" time="2.200" errors="0" timestamp="2022-03-23T22:37:49 SGT" skipped="0">
  <testcase classname="FirstProject.HomePage" name="browserNavigation" time="2.200"/>
  <system-out/>
</testsuite> <!-- FirstProject.HomePage -->
