<?xml version="1.0" encoding="UTF-8"?>
<!-- Generated by org.testng.reporters.JUnitReportReporter -->
<testsuite hostname="DESKTOP-0S6STMH" failures="0" tests="1" name="FirstProject.navigationBarTest" time="2.845" errors="0" timestamp="2022-03-27T00:36:46 SGT" skipped="0">
  <testcase classname="FirstProject.navigationBarTest" name="validateNavBar" time="2.845"/>
  <system-out/>
</testsuite> <!-- FirstProject.navigationBarTest -->
