<?xml version="1.0" encoding="UTF-8"?>
<!-- Generated by org.testng.reporters.JUnitReportReporter -->
<testsuite hostname="DESKTOP-0S6STMH" failures="0" tests="3" name="FirstProject.HomePageTest" time="8.227" errors="0" timestamp="2022-03-26T23:32:31 SGT" skipped="0">
  <testcase classname="FirstProject.HomePageTest" name="browserNavigation" time="4.532"/>
  <system-out/>
  <testcase classname="FirstProject.HomePageTest" name="calldata" time="0.760"/>
  <system-out/>
  <testcase classname="FirstProject.HomePageTest" name="calldata" time="2.935"/>
  <system-out/>
</testsuite> <!-- FirstProject.HomePageTest -->
