<?xml version="1.0" encoding="UTF-8"?>
<!-- Generated by org.testng.reporters.JUnitReportReporter -->
<testsuite hostname="DESKTOP-0S6STMH" failures="0" tests="1" name="FirstProject.HomePageTest" time="4.638" errors="0" timestamp="2022-03-24T21:59:51 SGT" skipped="0">
  <testcase classname="FirstProject.HomePageTest" name="browserNavigation" time="4.638"/>
  <system-out/>
</testsuite> <!-- FirstProject.HomePageTest -->
