<?xml version="1.0" encoding="UTF-8"?>
<!-- Generated by org.testng.reporters.JUnitReportReporter -->
<testsuite hostname="DESKTOP-0S6STMH" failures="0" tests="3" name="FirstProject.HomePageTest" time="7.466" errors="0" timestamp="2022-03-28T22:35:28 SGT" skipped="0">
  <testcase classname="FirstProject.HomePageTest" name="calldata" time="1.596"/>
  <system-out/>
  <testcase classname="FirstProject.HomePageTest" name="browserNavigation" time="2.552"/>
  <system-out/>
  <testcase classname="FirstProject.HomePageTest" name="calldata" time="3.318"/>
  <system-out/>
</testsuite> <!-- FirstProject.HomePageTest -->
