<?xml version="1.0" encoding="UTF-8"?>
<!-- Generated by org.testng.reporters.JUnitReportReporter -->
<testsuite hostname="DESKTOP-0S6STMH" failures="0" tests="3" name="FirstProject.HomePageTest" time="5.597" errors="0" timestamp="2022-03-30T17:30:04 SGT" skipped="0">
  <testcase classname="FirstProject.HomePageTest" name="browserNavigation" time="4.051"/>
  <system-out/>
  <testcase classname="FirstProject.HomePageTest" name="calldata" time="0.743"/>
  <system-out/>
  <testcase classname="FirstProject.HomePageTest" name="calldata" time="0.803"/>
  <system-out/>
</testsuite> <!-- FirstProject.HomePageTest -->
