<?xml version="1.0" encoding="UTF-8"?>
<!-- Generated by org.testng.reporters.JUnitReportReporter -->
<testsuite hostname="DESKTOP-0S6STMH" failures="0" tests="3" name="FirstProject.HomePageTest" time="7.130" errors="0" timestamp="2022-03-26T00:52:50 SGT" skipped="0">
  <testcase classname="FirstProject.HomePageTest" name="calldata" time="2.886"/>
  <system-out/>
  <testcase classname="FirstProject.HomePageTest" name="browserNavigation" time="3.470"/>
  <system-out/>
  <testcase classname="FirstProject.HomePageTest" name="calldata" time="0.774"/>
  <system-out/>
</testsuite> <!-- FirstProject.HomePageTest -->
