<?xml version="1.0" encoding="UTF-8"?>
<!-- Generated by org.testng.reporters.JUnitReportReporter -->
<testsuite hostname="DESKTOP-0S6STMH" failures="0" tests="3" name="FirstProject.HomePageTest" time="9.681" errors="0" timestamp="2022-03-30T17:35:01 SGT" skipped="0">
  <testcase classname="FirstProject.HomePageTest" name="calldata" time="0.933"/>
  <system-out/>
  <testcase classname="FirstProject.HomePageTest" name="calldata" time="6.838"/>
  <system-out/>
  <testcase classname="FirstProject.HomePageTest" name="browserNavigation" time="1.910"/>
  <system-out/>
</testsuite> <!-- FirstProject.HomePageTest -->
