<?xml version="1.0" encoding="UTF-8"?>
<!-- Generated by org.testng.reporters.JUnitReportReporter -->
<testsuite hostname="DESKTOP-0S6STMH" failures="0" tests="1" name="FirstProject.AppTest" time="0.006" errors="0" timestamp="23 Mar 2022 14:15:55 GMT" skipped="0">
  <testcase classname="FirstProject.AppTest" name="shouldAnswerWithTrue" time="0.006"/>
</testsuite> <!-- FirstProject.AppTest -->
